<?xml version="1.0" encoding="UTF-8"?>
<!-- Generated by org.testng.reporters.JUnitReportReporter -->
<testsuite hostname="TYSS-Yogita" failures="0" tests="1" name="testNgBasics.ConfigurationAnnotations" time="0.005" errors="0" timestamp="2024-01-17T15:57:04 IST" skipped="0">
  <testcase classname="testNgBasics.ConfigurationAnnotations" name="testAnnotation" time="0.005"/>
  <system-out/>
</testsuite> <!-- testNgBasics.ConfigurationAnnotations -->
