<?xml version="1.0" encoding="UTF-8"?>
<!-- Generated by org.testng.reporters.JUnitReportReporter -->
<testsuite hostname="TYSS-Yogita" failures="0" tests="1" name="testNgBasics.RegisterTest" time="6.936" errors="0" timestamp="2024-01-17T15:57:04 IST" skipped="0">
  <testcase classname="testNgBasics.RegisterTest" name="registerTest" time="6.936"/>
  <system-out/>
</testsuite> <!-- testNgBasics.RegisterTest -->
