<?xml version="1.0" encoding="UTF-8"?>
<!-- Generated by org.testng.reporters.JUnitReportReporter -->
<testsuite hostname="TYSS-Yogita" failures="0" tests="3" name="testNgBasics.LearningDataProvider" time="0.007" errors="0" timestamp="2024-01-17T17:55:20 IST" skipped="0">
  <testcase classname="testNgBasics.LearningDataProvider" name="test" time="0.005"/>
  <system-out/>
  <testcase classname="testNgBasics.LearningDataProvider" name="test" time="0.001"/>
  <system-out/>
  <testcase classname="testNgBasics.LearningDataProvider" name="test" time="0.001"/>
  <system-out/>
</testsuite> <!-- testNgBasics.LearningDataProvider -->
