<?xml version="1.0" encoding="UTF-8"?>
<!-- Generated by org.testng.reporters.JUnitReportReporter -->
<testsuite hostname="TYSS-Yogita" failures="0" tests="1" name="testNgBasics.TestAnnotation01" time="0.006" errors="0" timestamp="2024-01-12T16:47:10 IST" skipped="0">
  <testcase classname="testNgBasics.TestAnnotation01" name="testCase01" time="0.006"/>
  <system-out/>
</testsuite> <!-- testNgBasics.TestAnnotation01 -->
